  SimpleSearch.cpp
  BinarySearch.cpp
E:\C++ Projects\Algorithm-Visualization\src\algorithms\BinarySearch.cpp(13,33): warning C4267: 'initializing': conversion from 'size_t' to 'int', possible loss of data
  AlgData.cpp
  Helpers.cpp
  Application.cpp
  Generating Code...
E:\C++ Projects\Algorithm-Visualization\src\algorithms\AlgData.cpp(24): warning C4715: 'AlgData::GetTexCoords': not all control paths return a value
SimpleSearch.obj : error LNK2019: unresolved external symbol "class sf::Time __cdecl sf::seconds(float)" (?seconds@sf@@YA?AVTime@1@M@Z) referenced in function "public: void __cdecl SimpleSearch::OnRun(int)" (?OnRun@SimpleSearch@@QEAAXH@Z)
BinarySearch.obj : error LNK2001: unresolved external symbol "class sf::Time __cdecl sf::seconds(float)" (?seconds@sf@@YA?AVTime@1@M@Z)
SimpleSearch.obj : error LNK2019: unresolved external symbol "public: void __cdecl sf::Window::display(void)" (?display@Window@sf@@QEAAXXZ) referenced in function "public: void __cdecl SimpleSearch::OnRun(int)" (?OnRun@SimpleSearch@@QEAAXH@Z)
BinarySearch.obj : error LNK2001: unresolved external symbol "public: void __cdecl sf::Window::display(void)" (?display@Window@sf@@QEAAXXZ)
Application.obj : error LNK2001: unresolved external symbol "public: void __cdecl sf::Window::display(void)" (?display@Window@sf@@QEAAXXZ)
SimpleSearch.obj : error LNK2019: unresolved external symbol "public: void __cdecl sf::Transformable::setPosition(class sf::Vector2<float> const &)" (?setPosition@Transformable@sf@@QEAAXAEBV?$Vector2@M@2@@Z) referenced in function "public: void __cdecl SimpleSearch::OnRun(int)" (?OnRun@SimpleSearch@@QEAAXH@Z)
BinarySearch.obj : error LNK2001: unresolved external symbol "public: void __cdecl sf::Transformable::setPosition(class sf::Vector2<float> const &)" (?setPosition@Transformable@sf@@QEAAXAEBV?$Vector2@M@2@@Z)
Application.obj : error LNK2001: unresolved external symbol "public: void __cdecl sf::Transformable::setPosition(class sf::Vector2<float> const &)" (?setPosition@Transformable@sf@@QEAAXAEBV?$Vector2@M@2@@Z)
SimpleSearch.obj : error LNK2019: unresolved external symbol "public: void __cdecl sf::RenderTarget::draw(class sf::Drawable const &,class sf::RenderStates const &)" (?draw@RenderTarget@sf@@QEAAXAEBVDrawable@2@AEBVRenderStates@2@@Z) referenced in function "public: void __cdecl SimpleSearch::OnRun(int)" (?OnRun@SimpleSearch@@QEAAXH@Z)
BinarySearch.obj : error LNK2001: unresolved external symbol "public: void __cdecl sf::RenderTarget::draw(class sf::Drawable const &,class sf::RenderStates const &)" (?draw@RenderTarget@sf@@QEAAXAEBVDrawable@2@AEBVRenderStates@2@@Z)
Application.obj : error LNK2001: unresolved external symbol "public: void __cdecl sf::RenderTarget::draw(class sf::Drawable const &,class sf::RenderStates const &)" (?draw@RenderTarget@sf@@QEAAXAEBVDrawable@2@AEBVRenderStates@2@@Z)
SimpleSearch.obj : error LNK2019: unresolved external symbol "public: void __cdecl sf::Sprite::setTextureRect(class sf::Rect<int> const &)" (?setTextureRect@Sprite@sf@@QEAAXAEBV?$Rect@H@2@@Z) referenced in function "public: void __cdecl SimpleSearch::OnRun(int)" (?OnRun@SimpleSearch@@QEAAXH@Z)
BinarySearch.obj : error LNK2001: unresolved external symbol "public: void __cdecl sf::Sprite::setTextureRect(class sf::Rect<int> const &)" (?setTextureRect@Sprite@sf@@QEAAXAEBV?$Rect@H@2@@Z)
Application.obj : error LNK2001: unresolved external symbol "public: void __cdecl sf::Sprite::setTextureRect(class sf::Rect<int> const &)" (?setTextureRect@Sprite@sf@@QEAAXAEBV?$Rect@H@2@@Z)
SimpleSearch.obj : error LNK2001: unresolved external symbol "public: static class sf::RenderStates const sf::RenderStates::Default" (?Default@RenderStates@sf@@2V12@B)
BinarySearch.obj : error LNK2001: unresolved external symbol "public: static class sf::RenderStates const sf::RenderStates::Default" (?Default@RenderStates@sf@@2V12@B)
Application.obj : error LNK2001: unresolved external symbol "public: static class sf::RenderStates const sf::RenderStates::Default" (?Default@RenderStates@sf@@2V12@B)
BinarySearch.obj : error LNK2019: unresolved external symbol "public: __cdecl sf::Color::Color(unsigned char,unsigned char,unsigned char,unsigned char)" (??0Color@sf@@QEAA@EEEE@Z) referenced in function "public: void __cdecl BinarySearch::OnRun(int)" (?OnRun@BinarySearch@@QEAAXH@Z)
Application.obj : error LNK2001: unresolved external symbol "public: __cdecl sf::Color::Color(unsigned char,unsigned char,unsigned char,unsigned char)" (??0Color@sf@@QEAA@EEEE@Z)
BinarySearch.obj : error LNK2019: unresolved external symbol "public: void __cdecl sf::RenderTarget::clear(class sf::Color const &)" (?clear@RenderTarget@sf@@QEAAXAEBVColor@2@@Z) referenced in function "public: void __cdecl BinarySearch::OnRun(int)" (?OnRun@BinarySearch@@QEAAXH@Z)
Application.obj : error LNK2001: unresolved external symbol "public: void __cdecl sf::RenderTarget::clear(class sf::Color const &)" (?clear@RenderTarget@sf@@QEAAXAEBVColor@2@@Z)
Helpers.obj : error LNK2019: unresolved external symbol "bool __cdecl sf::operator<(class sf::Time,class sf::Time)" (??Msf@@YA_NVTime@0@0@Z) referenced in function "void __cdecl Wait(class sf::Time)" (?Wait@@YAXVTime@sf@@@Z)
Helpers.obj : error LNK2019: unresolved external symbol "public: __cdecl sf::Clock::Clock(void)" (??0Clock@sf@@QEAA@XZ) referenced in function "void __cdecl Wait(class sf::Time)" (?Wait@@YAXVTime@sf@@@Z)
Helpers.obj : error LNK2019: unresolved external symbol "public: class sf::Time __cdecl sf::Clock::getElapsedTime(void)const " (?getElapsedTime@Clock@sf@@QEBA?AVTime@2@XZ) referenced in function "void __cdecl Wait(class sf::Time)" (?Wait@@YAXVTime@sf@@@Z)
Application.obj : error LNK2019: unresolved external symbol "public: __cdecl sf::String::String(char const *,class std::locale const &)" (??0String@sf@@QEAA@PEBDAEBVlocale@std@@@Z) referenced in function main
Application.obj : error LNK2019: unresolved external symbol "public: __cdecl sf::VideoMode::VideoMode(unsigned int,unsigned int,unsigned int)" (??0VideoMode@sf@@QEAA@III@Z) referenced in function main
Application.obj : error LNK2019: unresolved external symbol "public: void __cdecl sf::Window::close(void)" (?close@Window@sf@@QEAAXXZ) referenced in function main
Application.obj : error LNK2019: unresolved external symbol "public: bool __cdecl sf::Window::isOpen(void)const " (?isOpen@Window@sf@@QEBA_NXZ) referenced in function main
Application.obj : error LNK2019: unresolved external symbol "public: bool __cdecl sf::Window::pollEvent(class sf::Event &)" (?pollEvent@Window@sf@@QEAA_NAEAVEvent@2@@Z) referenced in function main
Application.obj : error LNK2019: unresolved external symbol "public: virtual __cdecl sf::Transformable::~Transformable(void)" (??1Transformable@sf@@UEAA@XZ) referenced in function "public: virtual __cdecl sf::Sprite::~Sprite(void)" (??1Sprite@sf@@UEAA@XZ)
Application.obj : error LNK2019: unresolved external symbol "public: __cdecl sf::Texture::Texture(void)" (??0Texture@sf@@QEAA@XZ) referenced in function main
Application.obj : error LNK2019: unresolved external symbol "public: __cdecl sf::Texture::~Texture(void)" (??1Texture@sf@@QEAA@XZ) referenced in function main
Application.obj : error LNK2019: unresolved external symbol "public: bool __cdecl sf::Texture::loadFromFile(class std::basic_string<char,struct std::char_traits<char>,class std::allocator<char> > const &,class sf::Rect<int> const &)" (?loadFromFile@Texture@sf@@QEAA_NAEBV?$basic_string@DU?$char_traits@D@std@@V?$allocator@D@2@@std@@AEBV?$Rect@H@2@@Z) referenced in function main
Application.obj : error LNK2019: unresolved external symbol "public: __cdecl sf::RenderWindow::RenderWindow(class sf::VideoMode,class sf::String const &,unsigned int,struct sf::ContextSettings const &)" (??0RenderWindow@sf@@QEAA@VVideoMode@1@AEBVString@1@IAEBUContextSettings@1@@Z) referenced in function main
Application.obj : error LNK2019: unresolved external symbol "public: virtual __cdecl sf::RenderWindow::~RenderWindow(void)" (??1RenderWindow@sf@@UEAA@XZ) referenced in function main
Application.obj : error LNK2019: unresolved external symbol "public: __cdecl sf::Sprite::Sprite(void)" (??0Sprite@sf@@QEAA@XZ) referenced in function main
Application.obj : error LNK2019: unresolved external symbol "public: void __cdecl sf::Sprite::setTexture(class sf::Texture const &,bool)" (?setTexture@Sprite@sf@@QEAAXAEBVTexture@2@_N@Z) referenced in function main
E:\C++ Projects\Algorithm-Visualization\x64\Debug\Algorithm Visualization.exe : fatal error LNK1120: 24 unresolved externals
